#
# There is insufficient memory for the Java Runtime Environment to continue.
# Native memory allocation (mmap) failed to map 132120576 bytes for G1 virtual space
# Possible reasons:
#   The system is out of physical RAM or swap space
#   The process is running with CompressedOops enabled, and the Java Heap may be blocking the growth of the native heap
# Possible solutions:
#   Reduce memory load on the system
#   Increase physical memory or swap space
#   Check if swap backing store is full
#   Decrease Java heap size (-Xmx/-Xms)
#   Decrease number of Java threads
#   Decrease Java thread stack sizes (-Xss)
#   Set larger code cache with -XX:ReservedCodeCacheSize=
#   JVM is running with Unscaled Compressed Oops mode in which the Java heap is
#     placed in the first 4GB address space. The Java Heap base address is the
#     maximum limit for the native heap growth. Please use -XX:HeapBaseMinAddress
#     to set the Java Heap base and to place the Java Heap above 4GB virtual address.
# This output file may be truncated or incomplete.
#
#  Out of Memory Error (os_windows.cpp:3825), pid=19376, tid=8528
#
# JRE version:  (17.0.10+8) (build )
# Java VM: OpenJDK 64-Bit Server VM (17.0.10+8-b1207.12, mixed mode, sharing, tiered, compressed oops, compressed class ptrs, g1 gc, windows-amd64)
# No core dump will be written. Minidumps are not enabled by default on client versions of Windows
#

---------------  S U M M A R Y ------------

Command Line: git4idea.http.GitAskPassApp Username for 'https://github.com': 

Host: Intel(R) Core(TM) i5-10300H CPU @ 2.50GHz, 8 cores, 7G,  Windows 10 , 64 bit Build 19041 (10.0.19041.4842)
Time: Fri Sep 20 17:34:29 2024 RTZ 2 (s 10 , 64 bit Build 19041 (10.0.19041.4842) elapsed time: 0.008659 seconds (0d 0h 0m 0s)

---------------  T H R E A D  ---------------

Current thread (0x000001b5f78f7910):  JavaThread "Unknown thread" [_thread_in_vm, id=8528, stack(0x00000074e0900000,0x00000074e0a00000)]

Stack: [0x00000074e0900000,0x00000074e0a00000]
Native frames: (J=compiled Java code, j=interpreted, Vv=VM code, C=native code)
V  [jvm.dll+0x687989]
V  [jvm.dll+0x84116a]
V  [jvm.dll+0x842dae]
V  [jvm.dll+0x843413]
V  [jvm.dll+0x249ccf]
V  [jvm.dll+0x684759]
V  [jvm.dll+0x67900a]
V  [jvm.dll+0x30ab0b]
V  [jvm.dll+0x311fb6]
V  [jvm.dll+0x361d5e]
V  [jvm.dll+0x361f8f]
V  [jvm.dll+0x2e07f8]
V  [jvm.dll+0x2e1764]
V  [jvm.dll+0x811c31]
V  [jvm.dll+0x36fc11]
V  [jvm.dll+0x7f0666]
V  [jvm.dll+0x3f3daf]
V  [jvm.dll+0x3f5a41]
C  [jli.dll+0x528f]
C  [ucrtbase.dll+0x21bb2]
C  [KERNEL32.DLL+0x17374]
C  [ntdll.dll+0x4cc91]


---------------  P R O C E S S  ---------------

Threads class SMR info:
_java_thread_list=0x00007ffc2c5edf58, length=0, elements={
}

Java Threads: ( => current thread )

Other Threads:
  0x000001b5f79514a0 GCTaskThread "GC Thread#0" [stack: 0x00000074e0a00000,0x00000074e0b00000] [id=19352]
  0x000001b5f7961ef0 ConcurrentGCThread "G1 Main Marker" [stack: 0x00000074e0b00000,0x00000074e0c00000] [id=16320]
  0x000001b5f79630b0 ConcurrentGCThread "G1 Conc#0" [stack: 0x00000074e0c00000,0x00000074e0d00000] [id=10600]

[error occurred during error reporting (printing all threads), id 0xc0000005, EXCEPTION_ACCESS_VIOLATION (0xc0000005) at pc=0x00007ffc2bda13c7]

VM state: not at safepoint (not fully initialized)

VM Mutex/Monitor currently owned by a thread:  ([mutex/lock_event])
[0x000001b5f78f2d60] Heap_lock - owner thread: 0x000001b5f78f7910

Heap address: 0x0000000082800000, size: 2008 MB, Compressed Oops mode: 32-bit

CDS archive(s) mapped at: [0x0000000000000000-0x0000000000000000-0x0000000000000000), size 0, SharedBaseAddress: 0x0000000800000000, ArchiveRelocationMode: 1.
Narrow klass base: 0x0000000000000000, Narrow klass shift: 0, Narrow klass range: 0x0

GC Precious Log:
<Empty>

Heap:
 garbage-first heap   total 0K, used 0K [0x0000000082800000, 0x0000000100000000)
  region size 1024K, 0 young (0K), 0 survivors (0K)
 Metaspace       used 0K, committed 0K, reserved 0K
  class space    used 0K, committed 0K, reserved 0K

Heap Regions: E=young(eden), S=young(survivor), O=old, HS=humongous(starts), HC=humongous(continues), CS=collection set, F=free, OA=open archive, CA=closed archive, TAMS=top-at-mark-start (previous, next)

Card table byte_map: [0x000001b5fb790000,0x000001b5fbb80000] _byte_map_base: 0x000001b5fb37c000

Marking Bits (Prev, Next): (CMBitMap*) 0x000001b5f7951ac0, (CMBitMap*) 0x000001b5f7951b00
 Prev Bits: [0x000001b5fbf70000, 0x000001b5fded0000)
 Next Bits: [0x000001b5fded0000, 0x000001b5ffe30000)

GC Heap History (0 events):
No events

Dll operation events (1 events):
Event: 0.004 Loaded shared library D:\IntelliJ IDEA 2024.1\jbr\bin\java.dll

Deoptimization events (0 events):
No events

Classes unloaded (0 events):
No events

Classes redefined (0 events):
No events

Internal exceptions (0 events):
No events

VM Operations (0 events):
No events

Events (0 events):
No events


Dynamic libraries:
0x00007ff6477f0000 - 0x00007ff6477fa000 	D:\IntelliJ IDEA 2024.1\jbr\bin\java.exe
0x00007ffc9e410000 - 0x00007ffc9e608000 	C:\WINDOWS\SYSTEM32\ntdll.dll
0x00007ffc9d9d0000 - 0x00007ffc9da91000 	C:\WINDOWS\System32\KERNEL32.DLL
0x00007ffc9be80000 - 0x00007ffc9c17d000 	C:\WINDOWS\System32\KERNELBASE.dll
0x00007ffc9bac0000 - 0x00007ffc9bbc0000 	C:\WINDOWS\System32\ucrtbase.dll
0x00007ffc94ed0000 - 0x00007ffc94ee7000 	D:\IntelliJ IDEA 2024.1\jbr\bin\jli.dll
0x00007ffc676b0000 - 0x00007ffc676cb000 	D:\IntelliJ IDEA 2024.1\jbr\bin\VCRUNTIME140.dll
0x00007ffc9e080000 - 0x00007ffc9e21d000 	C:\WINDOWS\System32\USER32.dll
0x00007ffc881f0000 - 0x00007ffc8848a000 	C:\WINDOWS\WinSxS\amd64_microsoft.windows.common-controls_6595b64144ccf1df_6.0.19041.4355_none_60b8b9eb71f62e16\COMCTL32.dll
0x00007ffc9be50000 - 0x00007ffc9be72000 	C:\WINDOWS\System32\win32u.dll
0x00007ffc9ca20000 - 0x00007ffc9cabe000 	C:\WINDOWS\System32\msvcrt.dll
0x00007ffc9d8b0000 - 0x00007ffc9d8db000 	C:\WINDOWS\System32\GDI32.dll
0x00007ffc9c2d0000 - 0x00007ffc9c3e7000 	C:\WINDOWS\System32\gdi32full.dll
0x00007ffc9c230000 - 0x00007ffc9c2cd000 	C:\WINDOWS\System32\msvcp_win.dll
0x00007ffc9e220000 - 0x00007ffc9e24f000 	C:\WINDOWS\System32\IMM32.DLL
0x00007ffc85510000 - 0x00007ffc8551c000 	D:\IntelliJ IDEA 2024.1\jbr\bin\vcruntime140_1.dll
0x00007ffc57490000 - 0x00007ffc5751d000 	D:\IntelliJ IDEA 2024.1\jbr\bin\msvcp140.dll
0x00007ffc2bab0000 - 0x00007ffc2c732000 	D:\IntelliJ IDEA 2024.1\jbr\bin\server\jvm.dll
0x00007ffc9c8c0000 - 0x00007ffc9c970000 	C:\WINDOWS\System32\ADVAPI32.dll
0x00007ffc9d250000 - 0x00007ffc9d2f0000 	C:\WINDOWS\System32\sechost.dll
0x00007ffc9d2f0000 - 0x00007ffc9d413000 	C:\WINDOWS\System32\RPCRT4.dll
0x00007ffc9bd90000 - 0x00007ffc9bdb7000 	C:\WINDOWS\System32\bcrypt.dll
0x00007ffc7f240000 - 0x00007ffc7f249000 	C:\WINDOWS\SYSTEM32\WSOCK32.dll
0x00007ffc9b010000 - 0x00007ffc9b05b000 	C:\WINDOWS\SYSTEM32\POWRPROF.dll
0x00007ffc90960000 - 0x00007ffc90987000 	C:\WINDOWS\SYSTEM32\WINMM.dll
0x00007ffc9df50000 - 0x00007ffc9dfbb000 	C:\WINDOWS\System32\WS2_32.dll
0x00007ffc950d0000 - 0x00007ffc950da000 	C:\WINDOWS\SYSTEM32\VERSION.dll
0x00007ffc9ae80000 - 0x00007ffc9ae92000 	C:\WINDOWS\SYSTEM32\UMPDC.dll
0x00007ffc9a2a0000 - 0x00007ffc9a2b2000 	C:\WINDOWS\SYSTEM32\kernel.appcore.dll
0x00007ffc98750000 - 0x00007ffc9875a000 	D:\IntelliJ IDEA 2024.1\jbr\bin\jimage.dll
0x00007ffc99800000 - 0x00007ffc999e4000 	C:\WINDOWS\SYSTEM32\DBGHELP.DLL
0x00007ffc80df0000 - 0x00007ffc80e24000 	C:\WINDOWS\SYSTEM32\dbgcore.DLL
0x00007ffc9bdc0000 - 0x00007ffc9be42000 	C:\WINDOWS\System32\bcryptPrimitives.dll
0x00007ffc896e0000 - 0x00007ffc89705000 	D:\IntelliJ IDEA 2024.1\jbr\bin\java.dll

dbghelp: loaded successfully - version: 4.0.5 - missing functions: none
symbol engine: initialized successfully - sym options: 0x614 - pdb path: .;D:\IntelliJ IDEA 2024.1\jbr\bin;C:\WINDOWS\SYSTEM32;C:\WINDOWS\WinSxS\amd64_microsoft.windows.common-controls_6595b64144ccf1df_6.0.19041.4355_none_60b8b9eb71f62e16;D:\IntelliJ IDEA 2024.1\jbr\bin\server

VM Arguments:
java_command: git4idea.http.GitAskPassApp Username for 'https://github.com': 
java_class_path (initial): D:/IntelliJ IDEA 2024.1/plugins/vcs-git/lib/git4idea-rt.jar;D:/IntelliJ IDEA 2024.1/lib/externalProcess-rt.jar
Launcher Type: SUN_STANDARD

[Global flags]
     intx CICompilerCount                          = 4                                         {product} {ergonomic}
     uint ConcGCThreads                            = 2                                         {product} {ergonomic}
     uint G1ConcRefinementThreads                  = 8                                         {product} {ergonomic}
   size_t G1HeapRegionSize                         = 1048576                                   {product} {ergonomic}
    uintx GCDrainStackTargetSize                   = 64                                        {product} {ergonomic}
   size_t InitialHeapSize                          = 132120576                                 {product} {ergonomic}
   size_t MarkStackSize                            = 4194304                                   {product} {ergonomic}
   size_t MaxHeapSize                              = 2105540608                                {product} {ergonomic}
   size_t MinHeapDeltaBytes                        = 1048576                                   {product} {ergonomic}
   size_t MinHeapSize                              = 8388608                                   {product} {ergonomic}
    uintx NonNMethodCodeHeapSize                   = 5839372                                {pd product} {ergonomic}
    uintx NonProfiledCodeHeapSize                  = 122909434                              {pd product} {ergonomic}
    uintx ProfiledCodeHeapSize                     = 122909434                              {pd product} {ergonomic}
    uintx ReservedCodeCacheSize                    = 251658240                              {pd product} {ergonomic}
     bool SegmentedCodeCache                       = true                                      {product} {ergonomic}
   size_t SoftMaxHeapSize                          = 2105540608                             {manageable} {ergonomic}
     bool UseCompressedClassPointers               = true                           {product lp64_product} {ergonomic}
     bool UseCompressedOops                        = true                           {product lp64_product} {ergonomic}
     bool UseG1GC                                  = true                                      {product} {ergonomic}
     bool UseLargePagesIndividualAllocation        = false                                  {pd product} {ergonomic}

Logging:
Log output configuration:
 #0: stdout all=warning uptime,level,tags
 #1: stderr all=off uptime,level,tags

Environment Variables:
JAVA_HOME=C:\Program Files\Java\jdk-17.0.5
PATH=C:\Program Files\Git\mingw64\libexec\git-core;C:\Program Files\Git\mingw64\libexec\git-core;C:\Program Files\Git\mingw64\bin;C:\Program Files\Git\usr\bin;C:\Users\danil\bin;C:\Program Files\Common Files\Oracle\Java\javapath;C:\ProgramData\Oracle\Java\javapath;C:\Windows\system32;C:\Windows;C:\Windows\System32\Wbem;C:\Windows\System32\WindowsPowerShell\v1.0;C:\Windows\System32\OpenSSH;C:\Program Files (x86)\NVIDIA Corporation\PhysX\Common;C:\WINDOWS\system32;C:\WINDOWS;C:\WINDOWS\System32\Wbem;C:\WINDOWS\System32\WindowsPowerShell\v1.0;C:\WINDOWS\System32\OpenSSH;C:\Program Files\Microsoft SQL Server\130\Tools\Binn;C:\Program Files\dotnet;C:\Program Files\Java\jdk-17.0.5\bin;C:\Program Files (x86)\Microsoft SQL Server\Client SDK\ODBC\110\Tools\Binn;C:\Program Files (x86)\Microsoft SQL Server\120\Tools\Binn;C:\Program Files (x86)\Microsoft SQL Server\120\DTS\Binn;C:\Program Files\Amazon\AWSCLIV2;C:\Program Files\Docker\Docker\resources\bin;C:\Program Files\Vagrant\bin;C:\Program Files\NVIDIA Corporation\NVIDIA app\NvDLISR;C:\Program Files\nodejs;C:\Program Files\GitHub CLI;C:\Program Files\Git\cmd;C:\Program Files\MySQL\MySQL Shell 8.0\bin;C:\Users\danil\anaconda3;C:\Users\danil\anaconda3\Library\mingw-w64\bin;C:\Users\danil\anaconda3\Library\usr\bin;C:\Users\danil\anaconda3\Library\bin;C:\Users\danil\anaconda3\Scripts;C:\Users\danil\AppData\Local\Microsoft\WindowsApps;C:\Users\danil\AppData\Local\GitHubDesktop\bin;C:\Program Files\JetBrains\IntelliJ IDEA Community Edition 2022.2.3\bin;C:\Program Files\JetBrains\PyCharm Community Edition 2022.2.3\bin;C:\Users\danil\AppData\Roaming\npm
USERNAME=danil
DISPLAY=:0.0
LC_ALL=en_US.UTF-8
TERM=xterm-256color
TMPDIR=C:\Users\danil\AppData\Local\Temp
OS=Windows_NT
PROCESSOR_IDENTIFIER=Intel64 Family 6 Model 165 Stepping 2, GenuineIntel
TMP=C:\Users\danil\AppData\Local\Temp
TEMP=C:\Users\danil\AppData\Local\Temp



Periodic native trim disabled

JNI global refs:
JNI global refs: 0, weak refs: 0

JNI global refs memory usage: 0, weak refs: 0

OOME stack traces (most recent first):
Classloader memory used:


---------------  S Y S T E M  ---------------

OS:
 Windows 10 , 64 bit Build 19041 (10.0.19041.4842)
OS uptime: 0 days 1:29 hours
Hyper-V role detected

CPU: total 8 (initial active 8) (4 cores per cpu, 2 threads per core) family 6 model 165 stepping 2 microcode 0xc8, cx8, cmov, fxsr, ht, mmx, 3dnowpref, sse, sse2, sse3, ssse3, sse4.1, sse4.2, popcnt, lzcnt, tsc, tscinvbit, avx, avx2, aes, erms, clmul, bmi1, bmi2, adx, fma, vzeroupper, clflush, clflushopt, hv
Processor Information for all 8 processors :
  Max Mhz: 2496, Current Mhz: 2496, Mhz Limit: 2496

Memory: 4k page, system-wide physical 8029M (999M free)
TotalPageFile size 13030M (AvailPageFile size 87M)
current process WorkingSet (physical memory assigned to process): 10M, peak: 10M
current process commit charge ("private bytes"): 60M, peak: 186M

vm_info: OpenJDK 64-Bit Server VM (17.0.10+8-b1207.12) for windows-amd64 JRE (17.0.10+8-b1207.12), built on 2024-03-15 by "builduser" with MS VC++ 16.10 / 16.11 (VS2019)

END.
